{"name":"hexo","hostname":"pagenini.local","pid":18334,"level":20,"msg":"Hexo version: \u001b[35m3.4.4\u001b[39m","time":"2018-04-13T08:57:17.946Z","v":0}
{"name":"hexo","hostname":"pagenini.local","pid":18334,"level":20,"msg":"Working directory: \u001b[35m/Volumes/Volumes/Repo/Github/Yggdrasill-7C9.github.io/\u001b[39m","time":"2018-04-13T08:57:17.950Z","v":0}
{"name":"hexo","hostname":"pagenini.local","pid":18334,"level":20,"msg":"Config loaded: \u001b[35m/Volumes/Volumes/Repo/Github/Yggdrasill-7C9.github.io/_config.yml\u001b[39m","time":"2018-04-13T08:57:18.177Z","v":0}
{"name":"hexo","hostname":"pagenini.local","pid":18334,"level":20,"msg":"Plugin loaded: \u001b[35mhexo-deployer-git\u001b[39m","time":"2018-04-13T08:57:18.205Z","v":0}
{"name":"hexo","hostname":"pagenini.local","pid":18334,"level":20,"msg":"Plugin loaded: \u001b[35mhexo-encrypt\u001b[39m","time":"2018-04-13T08:57:18.442Z","v":0}
{"name":"hexo","hostname":"pagenini.local","pid":18334,"level":20,"msg":"Plugin loaded: \u001b[35mhexo-generator-archive\u001b[39m","time":"2018-04-13T08:57:18.447Z","v":0}
{"name":"hexo","hostname":"pagenini.local","pid":18334,"level":20,"msg":"Plugin loaded: \u001b[35mhexo-generator-category\u001b[39m","time":"2018-04-13T08:57:18.451Z","v":0}
{"name":"hexo","hostname":"pagenini.local","pid":18334,"level":20,"msg":"Plugin loaded: \u001b[35mhexo-generator-feed\u001b[39m","time":"2018-04-13T08:57:18.497Z","v":0}
{"name":"hexo","hostname":"pagenini.local","pid":18334,"level":20,"msg":"Plugin loaded: \u001b[35mhexo-generator-index\u001b[39m","time":"2018-04-13T08:57:18.499Z","v":0}
{"name":"hexo","hostname":"pagenini.local","pid":18334,"level":20,"msg":"Plugin loaded: \u001b[35mhexo-generator-tag\u001b[39m","time":"2018-04-13T08:57:18.501Z","v":0}
{"name":"hexo","hostname":"pagenini.local","pid":18334,"level":20,"msg":"Plugin loaded: \u001b[35mhexo-helper-live2d\u001b[39m","time":"2018-04-13T08:57:18.602Z","v":0}
{"name":"hexo","hostname":"pagenini.local","pid":18334,"level":20,"msg":"Plugin loaded: \u001b[35mhexo-renderer-ejs\u001b[39m","time":"2018-04-13T08:57:19.130Z","v":0}
{"name":"hexo","hostname":"pagenini.local","pid":18334,"level":20,"msg":"Plugin loaded: \u001b[35mhexo-renderer-marked\u001b[39m","time":"2018-04-13T08:57:19.141Z","v":0}
{"name":"hexo","hostname":"pagenini.local","pid":18334,"level":20,"msg":"Plugin loaded: \u001b[35mhexo-renderer-stylus\u001b[39m","time":"2018-04-13T08:57:19.143Z","v":0}
{"name":"hexo","hostname":"pagenini.local","pid":18334,"level":20,"msg":"Plugin loaded: \u001b[35mhexo-server\u001b[39m","time":"2018-04-13T08:57:19.295Z","v":0}
{"name":"hexo","hostname":"pagenini.local","pid":18334,"level":20,"msg":"Plugin loaded: \u001b[35mhexo-tag-aplayer\u001b[39m","time":"2018-04-13T08:57:19.934Z","v":0}
{"name":"hexo","hostname":"pagenini.local","pid":18334,"level":50,"err":{"message":"Invalid theme Duotone Space. Valid Themes: \ncoy,dark,funky,okaidia,solarizedlight,tomorrow,twilight,atom-dark,base16-ateliersulphurpool.light,cb,duotone-dark,duotone-earth,duotone-forest,duotone-light,duotone-sea,duotone-space,ghcolors,hopscotch,pojoaque,vs,xonokai,default,\n","name":"Error","stack":"Error: Invalid theme Duotone Space. Valid Themes: \ncoy,dark,funky,okaidia,solarizedlight,tomorrow,twilight,atom-dark,base16-ateliersulphurpool.light,cb,duotone-dark,duotone-earth,duotone-forest,duotone-light,duotone-sea,duotone-space,ghcolors,hopscotch,pojoaque,vs,xonokai,default,\n\n    at /Volumes/Volumes/Repo/Github/Yggdrasill-7C9.github.io/node_modules/hexo-prism-plugin/src/index.js:80:9\n    at /Volumes/Volumes/Repo/Github/Yggdrasill-7C9.github.io/node_modules/hexo/lib/hexo/index.js:232:12\n    at tryCatcher (/Volumes/Volumes/Repo/Github/Yggdrasill-7C9.github.io/node_modules/bluebird/js/release/util.js:16:23)\n    at Promise._settlePromiseFromHandler (/Volumes/Volumes/Repo/Github/Yggdrasill-7C9.github.io/node_modules/bluebird/js/release/promise.js:512:31)\n    at Promise._settlePromise (/Volumes/Volumes/Repo/Github/Yggdrasill-7C9.github.io/node_modules/bluebird/js/release/promise.js:569:18)\n    at Promise._settlePromise0 (/Volumes/Volumes/Repo/Github/Yggdrasill-7C9.github.io/node_modules/bluebird/js/release/promise.js:614:10)\n    at Promise._settlePromises (/Volumes/Volumes/Repo/Github/Yggdrasill-7C9.github.io/node_modules/bluebird/js/release/promise.js:693:18)\n    at Promise._fulfill (/Volumes/Volumes/Repo/Github/Yggdrasill-7C9.github.io/node_modules/bluebird/js/release/promise.js:638:18)\n    at Promise._resolveCallback (/Volumes/Volumes/Repo/Github/Yggdrasill-7C9.github.io/node_modules/bluebird/js/release/promise.js:432:57)\n    at Promise._settlePromiseFromHandler (/Volumes/Volumes/Repo/Github/Yggdrasill-7C9.github.io/node_modules/bluebird/js/release/promise.js:524:17)\n    at Promise._settlePromise (/Volumes/Volumes/Repo/Github/Yggdrasill-7C9.github.io/node_modules/bluebird/js/release/promise.js:569:18)\n    at Promise._settlePromise0 (/Volumes/Volumes/Repo/Github/Yggdrasill-7C9.github.io/node_modules/bluebird/js/release/promise.js:614:10)\n    at Promise._settlePromises (/Volumes/Volumes/Repo/Github/Yggdrasill-7C9.github.io/node_modules/bluebird/js/release/promise.js:693:18)\n    at Promise._fulfill (/Volumes/Volumes/Repo/Github/Yggdrasill-7C9.github.io/node_modules/bluebird/js/release/promise.js:638:18)\n    at /Volumes/Volumes/Repo/Github/Yggdrasill-7C9.github.io/node_modules/bluebird/js/release/nodeback.js:42:21\n    at /Volumes/Volumes/Repo/Github/Yggdrasill-7C9.github.io/node_modules/graceful-fs/graceful-fs.js:78:16\n    at FSReqWrap.readFileAfterClose [as oncomplete] (fs.js:528:3)"},"msg":"Plugin load failed: \u001b[35mhexo-prism-plugin\u001b[39m","time":"2018-04-13T08:57:20.011Z","v":0}
{"name":"hexo","hostname":"pagenini.local","pid":18334,"level":20,"msg":"Script loaded: \u001b[35mthemes/next/scripts/merge-configs.js\u001b[39m","time":"2018-04-13T08:57:20.042Z","v":0}
{"name":"hexo","hostname":"pagenini.local","pid":18334,"level":20,"msg":"Script loaded: \u001b[35mthemes/next/scripts/tags/button.js\u001b[39m","time":"2018-04-13T08:57:20.043Z","v":0}
{"name":"hexo","hostname":"pagenini.local","pid":18334,"level":20,"msg":"Script loaded: \u001b[35mthemes/next/scripts/merge.js\u001b[39m","time":"2018-04-13T08:57:20.049Z","v":0}
{"name":"hexo","hostname":"pagenini.local","pid":18334,"level":20,"msg":"Script loaded: \u001b[35mthemes/next/scripts/tags/center-quote.js\u001b[39m","time":"2018-04-13T08:57:20.053Z","v":0}
{"name":"hexo","hostname":"pagenini.local","pid":18334,"level":20,"msg":"Script loaded: \u001b[35mthemes/next/scripts/tags/exturl.js\u001b[39m","time":"2018-04-13T08:57:20.054Z","v":0}
{"name":"hexo","hostname":"pagenini.local","pid":18334,"level":20,"msg":"Script loaded: \u001b[35mthemes/next/scripts/tags/full-image.js\u001b[39m","time":"2018-04-13T08:57:20.055Z","v":0}
{"name":"hexo","hostname":"pagenini.local","pid":18334,"level":20,"msg":"Script loaded: \u001b[35mthemes/next/scripts/tags/group-pictures.js\u001b[39m","time":"2018-04-13T08:57:20.057Z","v":0}
{"name":"hexo","hostname":"pagenini.local","pid":18334,"level":20,"msg":"Script loaded: \u001b[35mthemes/next/scripts/tags/label.js\u001b[39m","time":"2018-04-13T08:57:20.058Z","v":0}
{"name":"hexo","hostname":"pagenini.local","pid":18334,"level":20,"msg":"Script loaded: \u001b[35mthemes/next/scripts/tags/lazy-image.js\u001b[39m","time":"2018-04-13T08:57:20.059Z","v":0}
{"name":"hexo","hostname":"pagenini.local","pid":18334,"level":20,"msg":"Script loaded: \u001b[35mthemes/next/scripts/tags/note.js\u001b[39m","time":"2018-04-13T08:57:20.060Z","v":0}
{"name":"hexo","hostname":"pagenini.local","pid":18334,"level":20,"msg":"Script loaded: \u001b[35mthemes/next/scripts/tags/tabs.js\u001b[39m","time":"2018-04-13T08:57:20.061Z","v":0}
{"name":"hexo","hostname":"pagenini.local","pid":18334,"level":20,"msg":"Database saved","time":"2018-04-13T08:57:20.083Z","v":0}
